c:\users\m\desktop\real\screentexttranslator\screentexttranslator\x64\release\tinyxml2.obj
c:\users\m\desktop\real\screentexttranslator\screentexttranslator\x64\release\tesscv.obj
c:\users\m\desktop\real\screentexttranslator\screentexttranslator\x64\release\screentexttranslator.obj
c:\users\m\desktop\real\screentexttranslator\screentexttranslator\x64\release\main.obj
c:\users\m\desktop\real\screentexttranslator\screentexttranslator\x64\release\azureapi.obj
c:\users\m\desktop\real\screentexttranslator\screentexttranslator\x64\release\qrc_screentexttranslator.obj
c:\users\m\desktop\real\screentexttranslator\screentexttranslator\generatedfiles\ui_screentexttranslator.h
c:\users\m\desktop\real\screentexttranslator\screentexttranslator\generatedfiles\qrc_screentexttranslator.cpp
c:\users\m\desktop\real\screentexttranslator\screentexttranslator\generatedfiles\ui_about.h
c:\users\m\desktop\real\screentexttranslator\screentexttranslator\generatedfiles\ui_settings.h
c:\users\m\desktop\real\screentexttranslator\screentexttranslator\generatedfiles\ui_transmode.h
c:\users\m\desktop\real\screentexttranslator\x64\release\screentexttranslator.exe
c:\users\m\desktop\real\screentexttranslator\x64\release\cpprest140_2_9.dll
c:\users\m\desktop\real\screentexttranslator\x64\release\cpprest140_2_9.pdb
c:\users\m\desktop\real\screentexttranslator\screentexttranslator\x64\release\screente.b12702ad.tlog\cl.command.1.tlog
c:\users\m\desktop\real\screentexttranslator\screentexttranslator\x64\release\screente.b12702ad.tlog\cl.read.1.tlog
c:\users\m\desktop\real\screentexttranslator\screentexttranslator\x64\release\screente.b12702ad.tlog\cl.write.1.tlog
c:\users\m\desktop\real\screentexttranslator\screentexttranslator\x64\release\screente.b12702ad.tlog\custombuild.command.1.tlog
c:\users\m\desktop\real\screentexttranslator\screentexttranslator\x64\release\screente.b12702ad.tlog\custombuild.read.1.tlog
c:\users\m\desktop\real\screentexttranslator\screentexttranslator\x64\release\screente.b12702ad.tlog\custombuild.write.1.tlog
c:\users\m\desktop\real\screentexttranslator\screentexttranslator\x64\release\screente.b12702ad.tlog\link.command.1.tlog
c:\users\m\desktop\real\screentexttranslator\screentexttranslator\x64\release\screente.b12702ad.tlog\link.read.1.tlog
c:\users\m\desktop\real\screentexttranslator\screentexttranslator\x64\release\screente.b12702ad.tlog\link.write.1.tlog
c:\users\m\desktop\real\screentexttranslator\screentexttranslator\x64\release\screente.b12702ad.tlog\screentexttranslator.write.1u.tlog
